
[2019-05-13 14:47:03.717] 
[2019-05-13 14:47:03.717] CLK_GetCPUFreq : 192000000
[2019-05-13 14:47:03.721] CLK_GetHCLKFreq : 192000000
[2019-05-13 14:47:03.722] CLK_GetPCLK0Freq : 96000000
[2019-05-13 14:47:03.725] CLK_GetPCLK1Freq : 96000000
[2019-05-13 14:47:03.727] Coremark start (12000 ms) !
[2019-05-13 14:47:22.130] 2K performance run parameters for coremark.
[2019-05-13 14:47:22.133] CoreMark Size    : 666
[2019-05-13 14:47:22.136] Total ticks      : 18400
[2019-05-13 14:47:22.138] Total time (secs): 18.400000
[2019-05-13 14:47:22.141] Iterations/Sec   : 652.173913
[2019-05-13 14:47:22.143] Iterations       : 12000
[2019-05-13 14:47:22.145] Compiler version : IAR 8.32.1.18631
[2019-05-13 14:47:22.148] Compiler flags   : -Ohs -no_size_constraints
[2019-05-13 14:47:22.153] Memory location  : FLASH
[2019-05-13 14:47:22.154] seedcrc          : 0xe9f5
[2019-05-13 14:47:22.157] [0]crclist       : 0xe714
[2019-05-13 14:47:22.159] [0]crcmatrix     : 0x1fd7
[2019-05-13 14:47:22.162] [0]crcstate      : 0x8e3a
[2019-05-13 14:47:22.164] [0]crcfinal      : 0xd340
[2019-05-13 14:47:22.166] Correct operation validated. See README.md for run and reporting rules.
[2019-05-13 14:47:22.173] CoreMark 1.0 : 652.173913 / IAR 8.32.1.18631 -Ohs -no_size_constraints / FLASH
[2019-05-13 14:47:22.179] In Hard Fault Handler
[2019-05-13 14:47:22.182] r0  = 0x18
[2019-05-13 14:47:22.183] r1  = 0x20026
[2019-05-13 14:47:22.186] r2  = 0x20026
[2019-05-13 14:47:22.190] r3  = 0x0
[2019-05-13 14:47:22.190] r12 = 0xd60
[2019-05-13 14:47:22.190] lr  = 0x47d9
[2019-05-13 14:47:22.193] pc  = 0x19b0
[2019-05-13 14:47:22.193] psr = 0x21000000
