
[2019-05-13 17:00:23.294] 
[2019-05-13 17:00:23.294] CLK_GetCPUFreq : 180000000
[2019-05-13 17:00:23.297] CLK_GetHCLKFreq : 180000000
[2019-05-13 17:00:23.301] CLK_GetPCLK0Freq : 90000000
[2019-05-13 17:00:23.303] CLK_GetPCLK1Freq : 90000000
[2019-05-13 17:00:23.305] Coremark start (12000 ms) !
[2019-05-13 17:00:42.932] 2K performance run parameters for coremark.
[2019-05-13 17:00:42.937] CoreMark Size    : 666
[2019-05-13 17:00:42.939] Total ticks      : 19625
[2019-05-13 17:00:42.941] Total time (secs): 19.625000
[2019-05-13 17:00:42.943] Iterations/Sec   : 611.464968
[2019-05-13 17:00:42.946] Iterations       : 12000
[2019-05-13 17:00:42.951] Compiler version : IAR 8.32.1.18631
[2019-05-13 17:00:42.952] Compiler flags   : -Ohs -no_size_constraints
[2019-05-13 17:00:42.957] Memory location  : FLASH
[2019-05-13 17:00:42.959] seedcrc          : 0xe9f5
[2019-05-13 17:00:42.961] [0]crclist       : 0xe714
[2019-05-13 17:00:42.964] [0]crcmatrix     : 0x1fd7
[2019-05-13 17:00:42.966] [0]crcstate      : 0x8e3a
[2019-05-13 17:00:42.967] [0]crcfinal      : 0xd340
[2019-05-13 17:00:42.970] Correct operation validated. See README.md for run and reporting rules.
[2019-05-13 17:00:42.977] CoreMark 1.0 : 611.464968 / IAR 8.32.1.18631 -Ohs -no_size_constraints / FLASH
[2019-05-13 17:00:42.984] In Hard Fault Handler
[2019-05-13 17:00:42.985] r0  = 0x18
[2019-05-13 17:00:42.986] r1  = 0x20026
[2019-05-13 17:00:42.988] r2  = 0x20026
[2019-05-13 17:00:42.990] r3  = 0x0
[2019-05-13 17:00:42.990] r12 = 0xd60
[2019-05-13 17:00:42.992] lr  = 0x47d9
[2019-05-13 17:00:42.995] pc  = 0x19b0
[2019-05-13 17:00:42.995] psr = 0x21000000
